mode: set
github.com/heathcliff26/infraspace-savegame-editor/pkg/save/errors.go:9.44,11.2 1 0
github.com/heathcliff26/infraspace-savegame-editor/pkg/save/errors.go:13.40,15.2 1 0
github.com/heathcliff26/infraspace-savegame-editor/pkg/save/json.go:144.61,147.16 3 1
github.com/heathcliff26/infraspace-savegame-editor/pkg/save/json.go:147.16,149.3 1 0
github.com/heathcliff26/infraspace-savegame-editor/pkg/save/json.go:151.2,152.16 2 1
github.com/heathcliff26/infraspace-savegame-editor/pkg/save/json.go:152.16,154.3 1 0
github.com/heathcliff26/infraspace-savegame-editor/pkg/save/json.go:155.2,156.16 2 1
github.com/heathcliff26/infraspace-savegame-editor/pkg/save/json.go:156.16,158.3 1 0
github.com/heathcliff26/infraspace-savegame-editor/pkg/save/json.go:159.2,160.16 2 1
github.com/heathcliff26/infraspace-savegame-editor/pkg/save/json.go:160.16,162.3 1 0
github.com/heathcliff26/infraspace-savegame-editor/pkg/save/json.go:163.2,164.16 2 1
github.com/heathcliff26/infraspace-savegame-editor/pkg/save/json.go:164.16,166.3 1 0
github.com/heathcliff26/infraspace-savegame-editor/pkg/save/json.go:167.2,168.16 2 1
github.com/heathcliff26/infraspace-savegame-editor/pkg/save/json.go:168.16,170.3 1 0
github.com/heathcliff26/infraspace-savegame-editor/pkg/save/json.go:172.2,176.16 3 1
github.com/heathcliff26/infraspace-savegame-editor/pkg/save/json.go:176.16,178.3 1 0
github.com/heathcliff26/infraspace-savegame-editor/pkg/save/json.go:179.2,179.18 1 1
github.com/heathcliff26/infraspace-savegame-editor/pkg/save/json.go:180.37,184.17 4 1
github.com/heathcliff26/infraspace-savegame-editor/pkg/save/json.go:184.17,186.4 1 0
github.com/heathcliff26/infraspace-savegame-editor/pkg/save/json.go:187.3,187.28 1 1
github.com/heathcliff26/infraspace-savegame-editor/pkg/save/json.go:188.22,192.17 4 1
github.com/heathcliff26/infraspace-savegame-editor/pkg/save/json.go:192.17,194.4 1 0
github.com/heathcliff26/infraspace-savegame-editor/pkg/save/json.go:195.3,195.28 1 1
github.com/heathcliff26/infraspace-savegame-editor/pkg/save/json.go:196.40,197.27 1 1
github.com/heathcliff26/infraspace-savegame-editor/pkg/save/json.go:198.38,199.25 1 1
github.com/heathcliff26/infraspace-savegame-editor/pkg/save/json.go:200.10,201.24 1 0
github.com/heathcliff26/infraspace-savegame-editor/pkg/save/json.go:203.2,203.16 1 1
github.com/heathcliff26/infraspace-savegame-editor/pkg/save/json.go:203.16,206.17 3 1
github.com/heathcliff26/infraspace-savegame-editor/pkg/save/json.go:206.17,208.4 1 0
github.com/heathcliff26/infraspace-savegame-editor/pkg/save/json.go:209.3,209.26 1 1
github.com/heathcliff26/infraspace-savegame-editor/pkg/save/json.go:212.2,212.12 1 1
github.com/heathcliff26/infraspace-savegame-editor/pkg/save/save.go:19.51,21.16 2 0
github.com/heathcliff26/infraspace-savegame-editor/pkg/save/save.go:21.16,23.3 1 0
github.com/heathcliff26/infraspace-savegame-editor/pkg/save/save.go:25.2,27.16 3 0
github.com/heathcliff26/infraspace-savegame-editor/pkg/save/save.go:27.16,29.3 1 0
github.com/heathcliff26/infraspace-savegame-editor/pkg/save/save.go:31.2,36.8 1 0
github.com/heathcliff26/infraspace-savegame-editor/pkg/save/save.go:39.34,41.2 1 0
github.com/heathcliff26/infraspace-savegame-editor/pkg/save/save.go:43.36,45.2 1 0
github.com/heathcliff26/infraspace-savegame-editor/pkg/save/save.go:47.37,49.2 1 0
github.com/heathcliff26/infraspace-savegame-editor/pkg/save/save.go:52.33,54.16 2 0
github.com/heathcliff26/infraspace-savegame-editor/pkg/save/save.go:54.16,56.3 1 0
github.com/heathcliff26/infraspace-savegame-editor/pkg/save/save.go:58.2,60.12 3 0
github.com/heathcliff26/infraspace-savegame-editor/pkg/save/save.go:64.45,68.38 4 0
github.com/heathcliff26/infraspace-savegame-editor/pkg/save/save.go:68.38,72.3 3 0
github.com/heathcliff26/infraspace-savegame-editor/pkg/save/save.go:74.2,75.16 2 0
github.com/heathcliff26/infraspace-savegame-editor/pkg/save/save.go:75.16,77.3 1 0
github.com/heathcliff26/infraspace-savegame-editor/pkg/save/save.go:79.2,80.16 2 0
github.com/heathcliff26/infraspace-savegame-editor/pkg/save/save.go:80.16,82.3 1 0
github.com/heathcliff26/infraspace-savegame-editor/pkg/save/save.go:84.2,84.17 1 0
github.com/heathcliff26/infraspace-savegame-editor/pkg/save/save.go:88.28,90.2 1 0
github.com/heathcliff26/infraspace-savegame-editor/pkg/save/save.go:93.40,94.61 1 0
github.com/heathcliff26/infraspace-savegame-editor/pkg/save/save.go:94.61,96.3 1 0
github.com/heathcliff26/infraspace-savegame-editor/pkg/save/save.go:97.2,97.18 1 0
github.com/heathcliff26/infraspace-savegame-editor/pkg/save/save.go:101.55,103.50 2 0
github.com/heathcliff26/infraspace-savegame-editor/pkg/save/save.go:103.50,110.3 3 0
github.com/heathcliff26/infraspace-savegame-editor/pkg/save/save.go:112.2,113.38 2 0
github.com/heathcliff26/infraspace-savegame-editor/pkg/save/save.go:117.50,119.2 1 0
github.com/heathcliff26/infraspace-savegame-editor/pkg/save/save.go:122.61,123.42 1 0
github.com/heathcliff26/infraspace-savegame-editor/pkg/save/save.go:123.42,127.3 3 0
github.com/heathcliff26/infraspace-savegame-editor/pkg/save/save.go:127.8,129.3 1 0
github.com/heathcliff26/infraspace-savegame-editor/pkg/save/save.go:140.60,141.24 1 0
github.com/heathcliff26/infraspace-savegame-editor/pkg/save/save.go:141.24,143.3 1 0
github.com/heathcliff26/infraspace-savegame-editor/pkg/save/save.go:144.2,144.26 1 0
github.com/heathcliff26/infraspace-savegame-editor/pkg/save/save.go:144.26,146.3 1 0
github.com/heathcliff26/infraspace-savegame-editor/pkg/save/save.go:147.2,148.38 2 0
github.com/heathcliff26/infraspace-savegame-editor/pkg/save/save.go:148.38,149.97 1 0
github.com/heathcliff26/infraspace-savegame-editor/pkg/save/save.go:149.97,150.26 1 0
github.com/heathcliff26/infraspace-savegame-editor/pkg/save/save.go:150.26,152.5 1 0
github.com/heathcliff26/infraspace-savegame-editor/pkg/save/save.go:155.3,155.119 1 0
github.com/heathcliff26/infraspace-savegame-editor/pkg/save/save.go:155.119,157.4 1 0
github.com/heathcliff26/infraspace-savegame-editor/pkg/save/save.go:159.2,159.18 1 0
github.com/heathcliff26/infraspace-savegame-editor/pkg/save/utils.go:11.56,13.16 2 1
github.com/heathcliff26/infraspace-savegame-editor/pkg/save/utils.go:13.16,15.3 1 0
github.com/heathcliff26/infraspace-savegame-editor/pkg/save/utils.go:16.2,18.11 3 1
github.com/heathcliff26/infraspace-savegame-editor/pkg/save/utils.go:18.11,20.3 1 0
github.com/heathcliff26/infraspace-savegame-editor/pkg/save/utils.go:21.2,21.48 1 1
github.com/heathcliff26/infraspace-savegame-editor/pkg/save/utils.go:24.53,25.38 1 0
github.com/heathcliff26/infraspace-savegame-editor/pkg/save/utils.go:25.38,27.3 1 0
github.com/heathcliff26/infraspace-savegame-editor/pkg/save/utils.go:28.2,28.59 1 0
github.com/heathcliff26/infraspace-savegame-editor/pkg/save/utils.go:28.59,30.3 1 0
github.com/heathcliff26/infraspace-savegame-editor/pkg/save/utils.go:31.2,31.17 1 0
github.com/heathcliff26/infraspace-savegame-editor/pkg/save/utils.go:34.41,42.16 6 1
github.com/heathcliff26/infraspace-savegame-editor/pkg/save/utils.go:42.16,44.3 1 0
github.com/heathcliff26/infraspace-savegame-editor/pkg/save/utils.go:45.2,45.26 1 1
